<!DOCTYPE html>

<html>
  <head>
  <meta charset='utf-8'>
  <title>TestNG reports</title>

    <link type="text/css" href="testng-reports1.css" rel="stylesheet" id="ultra" />
    <link type="text/css" href="testng-reports.css" rel="stylesheet" id="retro" disabled="false"/>
    <script type="text/javascript" src="jquery.min.js"></script>
    <script type="text/javascript" src="testng-reports.js"></script>
    <script type="text/javascript" src="https://www.google.com/jsapi"></script>
    <script type='text/javascript'>
      google.load('visualization', '1', {packages:['table']});
      google.setOnLoadCallback(drawTable);
      var suiteTableInitFunctions = new Array();
      var suiteTableData = new Array();
    </script>
    <!--
      <script type="text/javascript" src="jquery-ui/js/jquery-ui-1.8.16.custom.min.js"></script>
     -->
  </head>

  <body>
    <div class="top-banner-root">
      <span class="top-banner-title-font">Test results</span>
      <button id="button" class="button">Switch Retro Theme</button> <!-- button -->
      <br/>
      <span class="top-banner-font-1">1 suite, 1 failed test</span>
    </div> <!-- top-banner-root -->
    <div class="navigator-root">
      <div class="navigator-suite-header">
        <span>All suites</span>
        <a href="#" title="Collapse/expand all the suites" class="collapse-all-link">
          <img src="collapseall.gif" class="collapse-all-icon">
          </img> <!-- collapse-all-icon -->
        </a> <!-- collapse-all-link -->
      </div> <!-- navigator-suite-header -->
      <div class="suite">
        <div class="rounded-window">
          <div class="suite-header light-rounded-window-top">
            <a href="#" panel-name="suite-eCom_Webapp_Test_Suite" class="navigator-link">
              <span class="suite-name border-failed">eCom Webapp Test Suite</span>
            </a> <!-- navigator-link -->
          </div> <!-- suite-header light-rounded-window-top -->
          <div class="navigator-suite-content">
            <div class="suite-section-title">
              <span>Info</span>
            </div> <!-- suite-section-title -->
            <div class="suite-section-content">
              <ul>
                <li>
                  <a href="#" panel-name="test-xml-eCom_Webapp_Test_Suite" class="navigator-link ">
                    <span>C:\Users\Dell\eclipse-workspace\phase2-selenium-learning-exercises\TestNg.xml</span>
                  </a> <!-- navigator-link  -->
                </li>
                <li>
                  <a href="#" panel-name="testlist-eCom_Webapp_Test_Suite" class="navigator-link ">
                    <span class="test-stats">2 tests</span>
                  </a> <!-- navigator-link  -->
                </li>
                <li>
                  <a href="#" panel-name="group-eCom_Webapp_Test_Suite" class="navigator-link ">
                    <span>0 groups</span>
                  </a> <!-- navigator-link  -->
                </li>
                <li>
                  <a href="#" panel-name="times-eCom_Webapp_Test_Suite" class="navigator-link ">
                    <span>Times</span>
                  </a> <!-- navigator-link  -->
                </li>
                <li>
                  <a href="#" panel-name="reporter-eCom_Webapp_Test_Suite" class="navigator-link ">
                    <span>Reporter output</span>
                  </a> <!-- navigator-link  -->
                </li>
                <li>
                  <a href="#" panel-name="ignored-methods-eCom_Webapp_Test_Suite" class="navigator-link ">
                    <span>Ignored methods</span>
                  </a> <!-- navigator-link  -->
                </li>
                <li>
                  <a href="#" panel-name="chronological-eCom_Webapp_Test_Suite" class="navigator-link ">
                    <span>Chronological view</span>
                  </a> <!-- navigator-link  -->
                </li>
              </ul>
            </div> <!-- suite-section-content -->
            <div class="result-section">
              <div class="suite-section-title">
                <span>Results</span>
              </div> <!-- suite-section-title -->
              <div class="suite-section-content">
                <ul>
                  <li>
                    <span class="method-stats">14 methods, 1 failed,  6 skipped,  7 passed</span>
                  </li>
                  <li>
                    <span class="method-list-title failed">Failed methods</span>
                    <span class="show-or-hide-methods failed">
                      <a href="#" panel-name="suite-eCom_Webapp_Test_Suite" class="hide-methods failed suite-eCom_Webapp_Test_Suite"> (hide)</a> <!-- hide-methods failed suite-eCom_Webapp_Test_Suite -->
                      <a href="#" panel-name="suite-eCom_Webapp_Test_Suite" class="show-methods failed suite-eCom_Webapp_Test_Suite"> (show)</a> <!-- show-methods failed suite-eCom_Webapp_Test_Suite -->
                    </span>
                    <div class="method-list-content failed suite-eCom_Webapp_Test_Suite">
                      <span>
                        <img src="failed.png" width="3%"/>
                        <a href="#" panel-name="suite-eCom_Webapp_Test_Suite" title="com.practice3.assertions.assertions" class="method navigator-link" hash-for-method="Login">Login</a> <!-- method navigator-link -->
                      </span>
                      <br/>
                    </div> <!-- method-list-content failed suite-eCom_Webapp_Test_Suite -->
                  </li>
                  <li>
                    <span class="method-list-title skipped">Skipped methods</span>
                    <span class="show-or-hide-methods skipped">
                      <a href="#" panel-name="suite-eCom_Webapp_Test_Suite" class="hide-methods skipped suite-eCom_Webapp_Test_Suite"> (hide)</a> <!-- hide-methods skipped suite-eCom_Webapp_Test_Suite -->
                      <a href="#" panel-name="suite-eCom_Webapp_Test_Suite" class="show-methods skipped suite-eCom_Webapp_Test_Suite"> (show)</a> <!-- show-methods skipped suite-eCom_Webapp_Test_Suite -->
                    </span>
                    <div class="method-list-content skipped suite-eCom_Webapp_Test_Suite">
                      <span>
                        <img src="skipped.png" width="3%"/>
                        <a href="#" panel-name="suite-eCom_Webapp_Test_Suite" title="com.selenium.testNG.practice.AmazonLinkVerificationTest" class="method navigator-link" hash-for-method="linkTest1">linkTest1</a> <!-- method navigator-link -->
                      </span>
                      <br/>
                      <span>
                        <img src="skipped.png" width="3%"/>
                        <a href="#" panel-name="suite-eCom_Webapp_Test_Suite" title="com.selenium.testNG.practice.AmazonLinkVerificationTest" class="method navigator-link" hash-for-method="linkTest2">linkTest2</a> <!-- method navigator-link -->
                      </span>
                      <br/>
                      <span>
                        <img src="skipped.png" width="3%"/>
                        <a href="#" panel-name="suite-eCom_Webapp_Test_Suite" title="com.selenium.testNG.practice.AmazonSearchTest" class="method navigator-link" hash-for-method="testSearch1">testSearch1</a> <!-- method navigator-link -->
                      </span>
                      <br/>
                      <span>
                        <img src="skipped.png" width="3%"/>
                        <a href="#" panel-name="suite-eCom_Webapp_Test_Suite" title="com.selenium.testNG.practice.AmazonSearchTest" class="method navigator-link" hash-for-method="testSearch2">testSearch2</a> <!-- method navigator-link -->
                      </span>
                      <br/>
                      <span>
                        <img src="skipped.png" width="3%"/>
                        <a href="#" panel-name="suite-eCom_Webapp_Test_Suite" title="com.selenium.testNG.practice.AmazonLinkVerificationXpathTest" class="method navigator-link" hash-for-method="xpathLinkTest1">xpathLinkTest1</a> <!-- method navigator-link -->
                      </span>
                      <br/>
                      <span>
                        <img src="skipped.png" width="3%"/>
                        <a href="#" panel-name="suite-eCom_Webapp_Test_Suite" title="com.selenium.testNG.practice.AmazonLinkVerificationXpathTest" class="method navigator-link" hash-for-method="xpathLinkTest2">xpathLinkTest2</a> <!-- method navigator-link -->
                      </span>
                      <br/>
                    </div> <!-- method-list-content skipped suite-eCom_Webapp_Test_Suite -->
                  </li>
                  <li>
                    <span class="method-list-title passed">Passed methods</span>
                    <span class="show-or-hide-methods passed">
                      <a href="#" panel-name="suite-eCom_Webapp_Test_Suite" class="hide-methods passed suite-eCom_Webapp_Test_Suite"> (hide)</a> <!-- hide-methods passed suite-eCom_Webapp_Test_Suite -->
                      <a href="#" panel-name="suite-eCom_Webapp_Test_Suite" class="show-methods passed suite-eCom_Webapp_Test_Suite"> (show)</a> <!-- show-methods passed suite-eCom_Webapp_Test_Suite -->
                    </span>
                    <div class="method-list-content passed suite-eCom_Webapp_Test_Suite">
                      <span>
                        <img src="passed.png" width="3%"/>
                        <a href="#" panel-name="suite-eCom_Webapp_Test_Suite" title="com.practice3.assertions.assertions" class="method navigator-link" hash-for-method="Facebook">Facebook</a> <!-- method navigator-link -->
                      </span>
                      <br/>
                      <span>
                        <img src="passed.png" width="3%"/>
                        <a href="#" panel-name="suite-eCom_Webapp_Test_Suite" title="com.practice3.assertions.assertions" class="method navigator-link" hash-for-method="Launch">Launch</a> <!-- method navigator-link -->
                      </span>
                      <br/>
                      <span>
                        <img src="passed.png" width="3%"/>
                        <a href="#" panel-name="suite-eCom_Webapp_Test_Suite" title="com.selenium.testNG.practice.AmazonLinkVerificationCssSelectorTest" class="method navigator-link" hash-for-method="tdLinkTest1">tdLinkTest1</a> <!-- method navigator-link -->
                      </span>
                      <br/>
                      <span>
                        <img src="passed.png" width="3%"/>
                        <a href="#" panel-name="suite-eCom_Webapp_Test_Suite" title="com.selenium.testNG.practice.AmazonLinkVerificationCssSelectorTest" class="method navigator-link" hash-for-method="tdLinkTest2">tdLinkTest2</a> <!-- method navigator-link -->
                      </span>
                      <br/>
                      <span>
                        <img src="passed.png" width="3%"/>
                        <a href="#" panel-name="suite-eCom_Webapp_Test_Suite" title="com.selenium.testNG.practice.amazonHomePage" class="method navigator-link" hash-for-method="testAmazonHomePageSourceUrl">testAmazonHomePageSourceUrl</a> <!-- method navigator-link -->
                      </span>
                      <br/>
                      <span>
                        <img src="passed.png" width="3%"/>
                        <a href="#" panel-name="suite-eCom_Webapp_Test_Suite" title="com.selenium.testNG.practice.amazonHomePage" class="method navigator-link" hash-for-method="testAmazonHomePageTitle">testAmazonHomePageTitle</a> <!-- method navigator-link -->
                      </span>
                      <br/>
                      <span>
                        <img src="passed.png" width="3%"/>
                        <a href="#" panel-name="suite-eCom_Webapp_Test_Suite" title="com.selenium.testNG.practice.amazonHomePage" class="method navigator-link" hash-for-method="testAmazonHomePageTitle2">testAmazonHomePageTitle2</a> <!-- method navigator-link -->
                      </span>
                      <br/>
                    </div> <!-- method-list-content passed suite-eCom_Webapp_Test_Suite -->
                  </li>
                </ul>
              </div> <!-- suite-section-content -->
            </div> <!-- result-section -->
          </div> <!-- navigator-suite-content -->
        </div> <!-- rounded-window -->
      </div> <!-- suite -->
    </div> <!-- navigator-root -->
    <div class="wrapper">
      <div class="main-panel-root">
        <div panel-name="suite-eCom_Webapp_Test_Suite" class="panel eCom_Webapp_Test_Suite">
          <div class="suite-eCom_Webapp_Test_Suite-class-failed">
            <div class="main-panel-header rounded-window-top">
              <img src="failed.png"/>
              <span class="class-name">com.practice3.assertions.assertions</span>
            </div> <!-- main-panel-header rounded-window-top -->
            <div class="main-panel-content rounded-window-bottom">
              <div class="method">
                <div class="method-content">
                  <a name="Login">
                  </a> <!-- Login -->
                  <span class="method-name">Login</span>
                  <div class="stack-trace">org.openqa.selenium.NoSuchElementException: no such element: Unable to locate element: {&quot;method&quot;:&quot;css selector&quot;,&quot;selector&quot;:&quot;#loginbutton&quot;}
  (Session info: chrome=120.0.6099.72)
For documentation on this error, please visit: https://www.selenium.dev/documentation/webdriver/troubleshooting/errors#no-such-element-exception
Build info: version: &apos;4.15.0&apos;, revision: &apos;1d14b5521b&apos;
System info: os.name: &apos;Windows 10&apos;, os.arch: &apos;amd64&apos;, os.version: &apos;10.0&apos;, java.version: &apos;17.0.8.1&apos;
Driver info: org.openqa.selenium.chrome.ChromeDriver
Command: [ba8035c9c844191ed3e8577de916dbc7, findElement {using=id, value=loginbutton}]
Capabilities {acceptInsecureCerts: false, browserName: chrome, browserVersion: 120.0.6099.72, chrome: {chromedriverVersion: 120.0.6099.71 (9729082fe617..., userDataDir: C:\Users\Dell\AppData\Local...}, fedcm:accounts: true, goog:chromeOptions: {debuggerAddress: localhost:65292}, networkConnectionEnabled: false, pageLoadStrategy: normal, platformName: windows, proxy: Proxy(), se:cdp: ws://localhost:65292/devtoo..., se:cdpVersion: 120.0.6099.72, setWindowRect: true, strictFileInteractability: false, timeouts: {implicit: 0, pageLoad: 300000, script: 30000}, unhandledPromptBehavior: dismiss and notify, webauthn:extension:credBlob: true, webauthn:extension:largeBlob: true, webauthn:extension:minPinLength: true, webauthn:extension:prf: true, webauthn:virtualAuthenticators: true}
Session ID: ba8035c9c844191ed3e8577de916dbc7
	at org.openqa.selenium.remote.codec.w3c.W3CHttpResponseCodec.createException(W3CHttpResponseCodec.java:200)
	at org.openqa.selenium.remote.codec.w3c.W3CHttpResponseCodec.decode(W3CHttpResponseCodec.java:133)
	at org.openqa.selenium.remote.codec.w3c.W3CHttpResponseCodec.decode(W3CHttpResponseCodec.java:52)
	at org.openqa.selenium.remote.HttpCommandExecutor.execute(HttpCommandExecutor.java:191)
	at org.openqa.selenium.remote.service.DriverCommandExecutor.invokeExecute(DriverCommandExecutor.java:200)
	at org.openqa.selenium.remote.service.DriverCommandExecutor.execute(DriverCommandExecutor.java:175)
	at org.openqa.selenium.remote.RemoteWebDriver.execute(RemoteWebDriver.java:607)
	at org.openqa.selenium.remote.ElementLocation$ElementFinder$2.findElement(ElementLocation.java:165)
	at org.openqa.selenium.remote.ElementLocation.findElement(ElementLocation.java:59)
	at org.openqa.selenium.remote.RemoteWebDriver.findElement(RemoteWebDriver.java:364)
	at org.openqa.selenium.remote.RemoteWebDriver.findElement(RemoteWebDriver.java:358)
	at com.practice3.assertions.assertions.Login(assertions.java:46)
	at java.base/java.util.ArrayList.forEach(ArrayList.java:1511)
... Removed 32 stack frames
</div> <!-- stack-trace -->
                </div> <!-- method-content -->
              </div> <!-- method -->
            </div> <!-- main-panel-content rounded-window-bottom -->
          </div> <!-- suite-eCom_Webapp_Test_Suite-class-failed -->
          <div class="suite-eCom_Webapp_Test_Suite-class-skipped">
            <div class="main-panel-header rounded-window-top">
              <img src="skipped.png"/>
              <span class="class-name">com.selenium.testNG.practice.AmazonLinkVerificationTest</span>
            </div> <!-- main-panel-header rounded-window-top -->
            <div class="main-panel-content rounded-window-bottom">
              <div class="method">
                <div class="method-content">
                  <a name="linkTest1">
                  </a> <!-- linkTest1 -->
                  <span class="method-name">linkTest1</span>
                  <div class="stack-trace">org.openqa.selenium.SessionNotCreatedException: Could not start a new session. Response code 500. Message: Expected browser binary location, but unable to find binary in default location, no &apos;moz:firefoxOptions.binary&apos; capability provided, and no binary flag set on the command line 
Host info: host: &apos;DESKTOP-KM0QCD1&apos;, ip: &apos;192.168.0.103&apos;
Build info: version: &apos;4.15.0&apos;, revision: &apos;1d14b5521b&apos;
System info: os.name: &apos;Windows 10&apos;, os.arch: &apos;amd64&apos;, os.version: &apos;10.0&apos;, java.version: &apos;17.0.8.1&apos;
Driver info: org.openqa.selenium.firefox.FirefoxDriver
Command: [null, newSession {capabilities=[Capabilities {acceptInsecureCerts: true, browserName: firefox, moz:debuggerAddress: true, moz:firefoxOptions: {}}]}]
	at org.openqa.selenium.remote.ProtocolHandshake.createSession(ProtocolHandshake.java:140)
	at org.openqa.selenium.remote.ProtocolHandshake.createSession(ProtocolHandshake.java:96)
	at org.openqa.selenium.remote.ProtocolHandshake.createSession(ProtocolHandshake.java:68)
	at org.openqa.selenium.remote.HttpCommandExecutor.execute(HttpCommandExecutor.java:163)
	at org.openqa.selenium.remote.service.DriverCommandExecutor.invokeExecute(DriverCommandExecutor.java:200)
	at org.openqa.selenium.remote.service.DriverCommandExecutor.execute(DriverCommandExecutor.java:175)
	at org.openqa.selenium.remote.RemoteWebDriver.execute(RemoteWebDriver.java:607)
	at org.openqa.selenium.remote.RemoteWebDriver.startSession(RemoteWebDriver.java:241)
	at org.openqa.selenium.remote.RemoteWebDriver.&lt;init&gt;(RemoteWebDriver.java:168)
	at org.openqa.selenium.firefox.FirefoxDriver.&lt;init&gt;(FirefoxDriver.java:157)
	at org.openqa.selenium.firefox.FirefoxDriver.&lt;init&gt;(FirefoxDriver.java:152)
	at org.openqa.selenium.firefox.FirefoxDriver.&lt;init&gt;(FirefoxDriver.java:133)
	at org.openqa.selenium.firefox.FirefoxDriver.&lt;init&gt;(FirefoxDriver.java:128)
	at org.openqa.selenium.firefox.FirefoxDriver.&lt;init&gt;(FirefoxDriver.java:113)
	at org.openqa.selenium.firefox.FirefoxDriver.&lt;init&gt;(FirefoxDriver.java:103)
	at com.selenium.testNG.practice.AmazonLinkVerificationTest.setUp(AmazonLinkVerificationTest.java:33)
	at java.base/java.util.ArrayList.forEach(ArrayList.java:1511)
... Removed 31 stack frames
</div> <!-- stack-trace -->
                  <em>
(Test Amazon Mobile Phones Title Match)                  </em>
                </div> <!-- method-content -->
              </div> <!-- method -->
              <div class="method">
                <div class="method-content">
                  <a name="linkTest2">
                  </a> <!-- linkTest2 -->
                  <span class="method-name">linkTest2</span>
                  <div class="stack-trace">org.openqa.selenium.SessionNotCreatedException: Could not start a new session. Response code 500. Message: Expected browser binary location, but unable to find binary in default location, no &apos;moz:firefoxOptions.binary&apos; capability provided, and no binary flag set on the command line 
Host info: host: &apos;DESKTOP-KM0QCD1&apos;, ip: &apos;192.168.0.103&apos;
Build info: version: &apos;4.15.0&apos;, revision: &apos;1d14b5521b&apos;
System info: os.name: &apos;Windows 10&apos;, os.arch: &apos;amd64&apos;, os.version: &apos;10.0&apos;, java.version: &apos;17.0.8.1&apos;
Driver info: org.openqa.selenium.firefox.FirefoxDriver
Command: [null, newSession {capabilities=[Capabilities {acceptInsecureCerts: true, browserName: firefox, moz:debuggerAddress: true, moz:firefoxOptions: {}}]}]
	at org.openqa.selenium.remote.ProtocolHandshake.createSession(ProtocolHandshake.java:140)
	at org.openqa.selenium.remote.ProtocolHandshake.createSession(ProtocolHandshake.java:96)
	at org.openqa.selenium.remote.ProtocolHandshake.createSession(ProtocolHandshake.java:68)
	at org.openqa.selenium.remote.HttpCommandExecutor.execute(HttpCommandExecutor.java:163)
	at org.openqa.selenium.remote.service.DriverCommandExecutor.invokeExecute(DriverCommandExecutor.java:200)
	at org.openqa.selenium.remote.service.DriverCommandExecutor.execute(DriverCommandExecutor.java:175)
	at org.openqa.selenium.remote.RemoteWebDriver.execute(RemoteWebDriver.java:607)
	at org.openqa.selenium.remote.RemoteWebDriver.startSession(RemoteWebDriver.java:241)
	at org.openqa.selenium.remote.RemoteWebDriver.&lt;init&gt;(RemoteWebDriver.java:168)
	at org.openqa.selenium.firefox.FirefoxDriver.&lt;init&gt;(FirefoxDriver.java:157)
	at org.openqa.selenium.firefox.FirefoxDriver.&lt;init&gt;(FirefoxDriver.java:152)
	at org.openqa.selenium.firefox.FirefoxDriver.&lt;init&gt;(FirefoxDriver.java:133)
	at org.openqa.selenium.firefox.FirefoxDriver.&lt;init&gt;(FirefoxDriver.java:128)
	at org.openqa.selenium.firefox.FirefoxDriver.&lt;init&gt;(FirefoxDriver.java:113)
	at org.openqa.selenium.firefox.FirefoxDriver.&lt;init&gt;(FirefoxDriver.java:103)
	at com.selenium.testNG.practice.AmazonLinkVerificationTest.setUp(AmazonLinkVerificationTest.java:33)
	at java.base/java.util.ArrayList.forEach(ArrayList.java:1511)
... Removed 31 stack frames
</div> <!-- stack-trace -->
                  <em>
(Verify the Todays deals link)                  </em>
                </div> <!-- method-content -->
              </div> <!-- method -->
            </div> <!-- main-panel-content rounded-window-bottom -->
          </div> <!-- suite-eCom_Webapp_Test_Suite-class-skipped -->
          <div class="suite-eCom_Webapp_Test_Suite-class-skipped">
            <div class="main-panel-header rounded-window-top">
              <img src="skipped.png"/>
              <span class="class-name">com.selenium.testNG.practice.AmazonLinkVerificationXpathTest</span>
            </div> <!-- main-panel-header rounded-window-top -->
            <div class="main-panel-content rounded-window-bottom">
              <div class="method">
                <div class="method-content">
                  <a name="xpathLinkTest1">
                  </a> <!-- xpathLinkTest1 -->
                  <span class="method-name">xpathLinkTest1</span>
                  <div class="stack-trace">org.openqa.selenium.SessionNotCreatedException: Could not start a new session. Response code 500. Message: Expected browser binary location, but unable to find binary in default location, no &apos;moz:firefoxOptions.binary&apos; capability provided, and no binary flag set on the command line 
Host info: host: &apos;DESKTOP-KM0QCD1&apos;, ip: &apos;192.168.0.103&apos;
Build info: version: &apos;4.15.0&apos;, revision: &apos;1d14b5521b&apos;
System info: os.name: &apos;Windows 10&apos;, os.arch: &apos;amd64&apos;, os.version: &apos;10.0&apos;, java.version: &apos;17.0.8.1&apos;
Driver info: org.openqa.selenium.firefox.FirefoxDriver
Command: [null, newSession {capabilities=[Capabilities {acceptInsecureCerts: true, browserName: firefox, moz:debuggerAddress: true, moz:firefoxOptions: {}}]}]
	at org.openqa.selenium.remote.ProtocolHandshake.createSession(ProtocolHandshake.java:140)
	at org.openqa.selenium.remote.ProtocolHandshake.createSession(ProtocolHandshake.java:96)
	at org.openqa.selenium.remote.ProtocolHandshake.createSession(ProtocolHandshake.java:68)
	at org.openqa.selenium.remote.HttpCommandExecutor.execute(HttpCommandExecutor.java:163)
	at org.openqa.selenium.remote.service.DriverCommandExecutor.invokeExecute(DriverCommandExecutor.java:200)
	at org.openqa.selenium.remote.service.DriverCommandExecutor.execute(DriverCommandExecutor.java:175)
	at org.openqa.selenium.remote.RemoteWebDriver.execute(RemoteWebDriver.java:607)
	at org.openqa.selenium.remote.RemoteWebDriver.startSession(RemoteWebDriver.java:241)
	at org.openqa.selenium.remote.RemoteWebDriver.&lt;init&gt;(RemoteWebDriver.java:168)
	at org.openqa.selenium.firefox.FirefoxDriver.&lt;init&gt;(FirefoxDriver.java:157)
	at org.openqa.selenium.firefox.FirefoxDriver.&lt;init&gt;(FirefoxDriver.java:152)
	at org.openqa.selenium.firefox.FirefoxDriver.&lt;init&gt;(FirefoxDriver.java:133)
	at org.openqa.selenium.firefox.FirefoxDriver.&lt;init&gt;(FirefoxDriver.java:128)
	at org.openqa.selenium.firefox.FirefoxDriver.&lt;init&gt;(FirefoxDriver.java:113)
	at org.openqa.selenium.firefox.FirefoxDriver.&lt;init&gt;(FirefoxDriver.java:103)
	at com.selenium.testNG.practice.AmazonLinkVerificationXpathTest.setUp(AmazonLinkVerificationXpathTest.java:33)
	at java.base/java.util.ArrayList.forEach(ArrayList.java:1511)
... Removed 31 stack frames
</div> <!-- stack-trace -->
                  <em>
(Test Amazon Mobile Phones Title Match)                  </em>
                </div> <!-- method-content -->
              </div> <!-- method -->
              <div class="method">
                <div class="method-content">
                  <a name="xpathLinkTest2">
                  </a> <!-- xpathLinkTest2 -->
                  <span class="method-name">xpathLinkTest2</span>
                  <div class="stack-trace">org.openqa.selenium.SessionNotCreatedException: Could not start a new session. Response code 500. Message: Expected browser binary location, but unable to find binary in default location, no &apos;moz:firefoxOptions.binary&apos; capability provided, and no binary flag set on the command line 
Host info: host: &apos;DESKTOP-KM0QCD1&apos;, ip: &apos;192.168.0.103&apos;
Build info: version: &apos;4.15.0&apos;, revision: &apos;1d14b5521b&apos;
System info: os.name: &apos;Windows 10&apos;, os.arch: &apos;amd64&apos;, os.version: &apos;10.0&apos;, java.version: &apos;17.0.8.1&apos;
Driver info: org.openqa.selenium.firefox.FirefoxDriver
Command: [null, newSession {capabilities=[Capabilities {acceptInsecureCerts: true, browserName: firefox, moz:debuggerAddress: true, moz:firefoxOptions: {}}]}]
	at org.openqa.selenium.remote.ProtocolHandshake.createSession(ProtocolHandshake.java:140)
	at org.openqa.selenium.remote.ProtocolHandshake.createSession(ProtocolHandshake.java:96)
	at org.openqa.selenium.remote.ProtocolHandshake.createSession(ProtocolHandshake.java:68)
	at org.openqa.selenium.remote.HttpCommandExecutor.execute(HttpCommandExecutor.java:163)
	at org.openqa.selenium.remote.service.DriverCommandExecutor.invokeExecute(DriverCommandExecutor.java:200)
	at org.openqa.selenium.remote.service.DriverCommandExecutor.execute(DriverCommandExecutor.java:175)
	at org.openqa.selenium.remote.RemoteWebDriver.execute(RemoteWebDriver.java:607)
	at org.openqa.selenium.remote.RemoteWebDriver.startSession(RemoteWebDriver.java:241)
	at org.openqa.selenium.remote.RemoteWebDriver.&lt;init&gt;(RemoteWebDriver.java:168)
	at org.openqa.selenium.firefox.FirefoxDriver.&lt;init&gt;(FirefoxDriver.java:157)
	at org.openqa.selenium.firefox.FirefoxDriver.&lt;init&gt;(FirefoxDriver.java:152)
	at org.openqa.selenium.firefox.FirefoxDriver.&lt;init&gt;(FirefoxDriver.java:133)
	at org.openqa.selenium.firefox.FirefoxDriver.&lt;init&gt;(FirefoxDriver.java:128)
	at org.openqa.selenium.firefox.FirefoxDriver.&lt;init&gt;(FirefoxDriver.java:113)
	at org.openqa.selenium.firefox.FirefoxDriver.&lt;init&gt;(FirefoxDriver.java:103)
	at com.selenium.testNG.practice.AmazonLinkVerificationXpathTest.setUp(AmazonLinkVerificationXpathTest.java:33)
	at java.base/java.util.ArrayList.forEach(ArrayList.java:1511)
... Removed 31 stack frames
</div> <!-- stack-trace -->
                  <em>
(Test Today deals Title Match)                  </em>
                </div> <!-- method-content -->
              </div> <!-- method -->
            </div> <!-- main-panel-content rounded-window-bottom -->
          </div> <!-- suite-eCom_Webapp_Test_Suite-class-skipped -->
          <div class="suite-eCom_Webapp_Test_Suite-class-skipped">
            <div class="main-panel-header rounded-window-top">
              <img src="skipped.png"/>
              <span class="class-name">com.selenium.testNG.practice.AmazonSearchTest</span>
            </div> <!-- main-panel-header rounded-window-top -->
            <div class="main-panel-content rounded-window-bottom">
              <div class="method">
                <div class="method-content">
                  <a name="testSearch1">
                  </a> <!-- testSearch1 -->
                  <span class="method-name">testSearch1</span>
                  <div class="stack-trace">org.openqa.selenium.SessionNotCreatedException: Could not start a new session. Response code 500. Message: Expected browser binary location, but unable to find binary in default location, no &apos;moz:firefoxOptions.binary&apos; capability provided, and no binary flag set on the command line 
Host info: host: &apos;DESKTOP-KM0QCD1&apos;, ip: &apos;192.168.0.103&apos;
Build info: version: &apos;4.15.0&apos;, revision: &apos;1d14b5521b&apos;
System info: os.name: &apos;Windows 10&apos;, os.arch: &apos;amd64&apos;, os.version: &apos;10.0&apos;, java.version: &apos;17.0.8.1&apos;
Driver info: org.openqa.selenium.firefox.FirefoxDriver
Command: [null, newSession {capabilities=[Capabilities {acceptInsecureCerts: true, browserName: firefox, moz:debuggerAddress: true, moz:firefoxOptions: {}}]}]
	at org.openqa.selenium.remote.ProtocolHandshake.createSession(ProtocolHandshake.java:140)
	at org.openqa.selenium.remote.ProtocolHandshake.createSession(ProtocolHandshake.java:96)
	at org.openqa.selenium.remote.ProtocolHandshake.createSession(ProtocolHandshake.java:68)
	at org.openqa.selenium.remote.HttpCommandExecutor.execute(HttpCommandExecutor.java:163)
	at org.openqa.selenium.remote.service.DriverCommandExecutor.invokeExecute(DriverCommandExecutor.java:200)
	at org.openqa.selenium.remote.service.DriverCommandExecutor.execute(DriverCommandExecutor.java:175)
	at org.openqa.selenium.remote.RemoteWebDriver.execute(RemoteWebDriver.java:607)
	at org.openqa.selenium.remote.RemoteWebDriver.startSession(RemoteWebDriver.java:241)
	at org.openqa.selenium.remote.RemoteWebDriver.&lt;init&gt;(RemoteWebDriver.java:168)
	at org.openqa.selenium.firefox.FirefoxDriver.&lt;init&gt;(FirefoxDriver.java:157)
	at org.openqa.selenium.firefox.FirefoxDriver.&lt;init&gt;(FirefoxDriver.java:152)
	at org.openqa.selenium.firefox.FirefoxDriver.&lt;init&gt;(FirefoxDriver.java:133)
	at org.openqa.selenium.firefox.FirefoxDriver.&lt;init&gt;(FirefoxDriver.java:128)
	at org.openqa.selenium.firefox.FirefoxDriver.&lt;init&gt;(FirefoxDriver.java:113)
	at org.openqa.selenium.firefox.FirefoxDriver.&lt;init&gt;(FirefoxDriver.java:103)
	at com.selenium.testNG.practice.AmazonSearchTest.beforeClass(AmazonSearchTest.java:28)
	at java.base/java.util.ArrayList.forEach(ArrayList.java:1511)
... Removed 25 stack frames
</div> <!-- stack-trace -->
                  <em>
(Search Iphone 15 pro max)                  </em>
                </div> <!-- method-content -->
              </div> <!-- method -->
              <div class="method">
                <div class="method-content">
                  <a name="testSearch2">
                  </a> <!-- testSearch2 -->
                  <span class="method-name">testSearch2</span>
                  <div class="stack-trace">org.openqa.selenium.SessionNotCreatedException: Could not start a new session. Response code 500. Message: Expected browser binary location, but unable to find binary in default location, no &apos;moz:firefoxOptions.binary&apos; capability provided, and no binary flag set on the command line 
Host info: host: &apos;DESKTOP-KM0QCD1&apos;, ip: &apos;192.168.0.103&apos;
Build info: version: &apos;4.15.0&apos;, revision: &apos;1d14b5521b&apos;
System info: os.name: &apos;Windows 10&apos;, os.arch: &apos;amd64&apos;, os.version: &apos;10.0&apos;, java.version: &apos;17.0.8.1&apos;
Driver info: org.openqa.selenium.firefox.FirefoxDriver
Command: [null, newSession {capabilities=[Capabilities {acceptInsecureCerts: true, browserName: firefox, moz:debuggerAddress: true, moz:firefoxOptions: {}}]}]
	at org.openqa.selenium.remote.ProtocolHandshake.createSession(ProtocolHandshake.java:140)
	at org.openqa.selenium.remote.ProtocolHandshake.createSession(ProtocolHandshake.java:96)
	at org.openqa.selenium.remote.ProtocolHandshake.createSession(ProtocolHandshake.java:68)
	at org.openqa.selenium.remote.HttpCommandExecutor.execute(HttpCommandExecutor.java:163)
	at org.openqa.selenium.remote.service.DriverCommandExecutor.invokeExecute(DriverCommandExecutor.java:200)
	at org.openqa.selenium.remote.service.DriverCommandExecutor.execute(DriverCommandExecutor.java:175)
	at org.openqa.selenium.remote.RemoteWebDriver.execute(RemoteWebDriver.java:607)
	at org.openqa.selenium.remote.RemoteWebDriver.startSession(RemoteWebDriver.java:241)
	at org.openqa.selenium.remote.RemoteWebDriver.&lt;init&gt;(RemoteWebDriver.java:168)
	at org.openqa.selenium.firefox.FirefoxDriver.&lt;init&gt;(FirefoxDriver.java:157)
	at org.openqa.selenium.firefox.FirefoxDriver.&lt;init&gt;(FirefoxDriver.java:152)
	at org.openqa.selenium.firefox.FirefoxDriver.&lt;init&gt;(FirefoxDriver.java:133)
	at org.openqa.selenium.firefox.FirefoxDriver.&lt;init&gt;(FirefoxDriver.java:128)
	at org.openqa.selenium.firefox.FirefoxDriver.&lt;init&gt;(FirefoxDriver.java:113)
	at org.openqa.selenium.firefox.FirefoxDriver.&lt;init&gt;(FirefoxDriver.java:103)
	at com.selenium.testNG.practice.AmazonSearchTest.beforeClass(AmazonSearchTest.java:28)
	at java.base/java.util.ArrayList.forEach(ArrayList.java:1511)
... Removed 25 stack frames
</div> <!-- stack-trace -->
                  <em>
(Search Iphone 15 pro max)                  </em>
                </div> <!-- method-content -->
              </div> <!-- method -->
            </div> <!-- main-panel-content rounded-window-bottom -->
          </div> <!-- suite-eCom_Webapp_Test_Suite-class-skipped -->
          <div class="suite-eCom_Webapp_Test_Suite-class-passed">
            <div class="main-panel-header rounded-window-top">
              <img src="passed.png"/>
              <span class="class-name">com.selenium.testNG.practice.AmazonLinkVerificationCssSelectorTest</span>
            </div> <!-- main-panel-header rounded-window-top -->
            <div class="main-panel-content rounded-window-bottom">
              <div class="method">
                <div class="method-content">
                  <a name="tdLinkTest1">
                  </a> <!-- tdLinkTest1 -->
                  <span class="method-name">tdLinkTest1</span>
                  <em>
(Test Amazon Mobile Phones Title Match)                  </em>
                </div> <!-- method-content -->
              </div> <!-- method -->
              <div class="method">
                <div class="method-content">
                  <a name="tdLinkTest2">
                  </a> <!-- tdLinkTest2 -->
                  <span class="method-name">tdLinkTest2</span>
                  <em>
(Test Amazon Mobile Phones Title Match)                  </em>
                </div> <!-- method-content -->
              </div> <!-- method -->
            </div> <!-- main-panel-content rounded-window-bottom -->
          </div> <!-- suite-eCom_Webapp_Test_Suite-class-passed -->
          <div class="suite-eCom_Webapp_Test_Suite-class-passed">
            <div class="main-panel-header rounded-window-top">
              <img src="passed.png"/>
              <span class="class-name">com.selenium.testNG.practice.amazonHomePage</span>
            </div> <!-- main-panel-header rounded-window-top -->
            <div class="main-panel-content rounded-window-bottom">
              <div class="method">
                <div class="method-content">
                  <a name="testAmazonHomePageSourceUrl">
                  </a> <!-- testAmazonHomePageSourceUrl -->
                  <span class="method-name">testAmazonHomePageSourceUrl</span>
                  <em>
(Test Amazon Home Page Source Url)                  </em>
                </div> <!-- method-content -->
              </div> <!-- method -->
              <div class="method">
                <div class="method-content">
                  <a name="testAmazonHomePageTitle">
                  </a> <!-- testAmazonHomePageTitle -->
                  <span class="method-name">testAmazonHomePageTitle</span>
                  <em>
(Test Amazon Home Page Title Match)                  </em>
                </div> <!-- method-content -->
              </div> <!-- method -->
              <div class="method">
                <div class="method-content">
                  <a name="testAmazonHomePageTitle2">
                  </a> <!-- testAmazonHomePageTitle2 -->
                  <span class="method-name">testAmazonHomePageTitle2</span>
                  <em>
(Test Amazon Home Page Title Invalid Match)                  </em>
                </div> <!-- method-content -->
              </div> <!-- method -->
            </div> <!-- main-panel-content rounded-window-bottom -->
          </div> <!-- suite-eCom_Webapp_Test_Suite-class-passed -->
          <div class="suite-eCom_Webapp_Test_Suite-class-passed">
            <div class="main-panel-header rounded-window-top">
              <img src="passed.png"/>
              <span class="class-name">com.practice3.assertions.assertions</span>
            </div> <!-- main-panel-header rounded-window-top -->
            <div class="main-panel-content rounded-window-bottom">
              <div class="method">
                <div class="method-content">
                  <a name="Facebook">
                  </a> <!-- Facebook -->
                  <span class="method-name">Facebook</span>
                </div> <!-- method-content -->
              </div> <!-- method -->
              <div class="method">
                <div class="method-content">
                  <a name="Launch">
                  </a> <!-- Launch -->
                  <span class="method-name">Launch</span>
                </div> <!-- method-content -->
              </div> <!-- method -->
            </div> <!-- main-panel-content rounded-window-bottom -->
          </div> <!-- suite-eCom_Webapp_Test_Suite-class-passed -->
        </div> <!-- panel eCom_Webapp_Test_Suite -->
        <div panel-name="test-xml-eCom_Webapp_Test_Suite" class="panel">
          <div class="main-panel-header rounded-window-top">
            <span class="header-content">C:\Users\Dell\eclipse-workspace\phase2-selenium-learning-exercises\TestNg.xml</span>
          </div> <!-- main-panel-header rounded-window-top -->
          <div class="main-panel-content rounded-window-bottom">
            <pre>
&lt;?xml version=&quot;1.0&quot; encoding=&quot;UTF-8&quot;?&gt;
&lt;!DOCTYPE suite SYSTEM &quot;https://testng.org/testng-1.0.dtd&quot;&gt;
&lt;suite name=&quot;eCom Webapp Test Suite&quot;&gt;
  &lt;test thread-count=&quot;5&quot; name=&quot;Amazon Test&quot;&gt;
    &lt;classes&gt;
      &lt;class name=&quot;com.selenium.testNG.practice.amazonHomePage&quot;/&gt;
      &lt;class name=&quot;com.selenium.testNG.practice.AmazonLinkVerificationCssSelectorTest&quot;/&gt;
      &lt;class name=&quot;com.selenium.testNG.practice.AmazonLinkVerificationTest&quot;/&gt;
      &lt;class name=&quot;com.selenium.testNG.practice.AmazonLinkVerificationXpathTest&quot;/&gt;
      &lt;class name=&quot;com.selenium.testNG.practice.AmazonSearchTest&quot;/&gt;
    &lt;/classes&gt;
  &lt;/test&gt; &lt;!-- Amazon Test --&gt;
  &lt;test thread-count=&quot;5&quot; name=&quot;assertion&quot;&gt;
    &lt;classes&gt;
      &lt;class name=&quot;com.practice3.assertions.assertions&quot;/&gt;
    &lt;/classes&gt;
  &lt;/test&gt; &lt;!-- assertion --&gt;
&lt;/suite&gt; &lt;!-- eCom Webapp Test Suite --&gt;
            </pre>
          </div> <!-- main-panel-content rounded-window-bottom -->
        </div> <!-- panel -->
        <div panel-name="testlist-eCom_Webapp_Test_Suite" class="panel">
          <div class="main-panel-header rounded-window-top">
            <span class="header-content">Tests for eCom Webapp Test Suite</span>
          </div> <!-- main-panel-header rounded-window-top -->
          <div class="main-panel-content rounded-window-bottom">
            <ul>
              <li>
                <span class="test-name">Amazon Test (5 classes)</span>
              </li>
              <li>
                <span class="test-name">assertion (1 class)</span>
              </li>
            </ul>
          </div> <!-- main-panel-content rounded-window-bottom -->
        </div> <!-- panel -->
        <div panel-name="group-eCom_Webapp_Test_Suite" class="panel">
          <div class="main-panel-header rounded-window-top">
            <span class="header-content">Groups for eCom Webapp Test Suite</span>
          </div> <!-- main-panel-header rounded-window-top -->
          <div class="main-panel-content rounded-window-bottom">
          </div> <!-- main-panel-content rounded-window-bottom -->
        </div> <!-- panel -->
        <div panel-name="times-eCom_Webapp_Test_Suite" class="panel">
          <div class="main-panel-header rounded-window-top">
            <span class="header-content">Times for eCom Webapp Test Suite</span>
          </div> <!-- main-panel-header rounded-window-top -->
          <div class="main-panel-content rounded-window-bottom">
            <div class="times-div">
              <script type="text/javascript">
suiteTableInitFunctions.push('tableData_eCom_Webapp_Test_Suite');
function tableData_eCom_Webapp_Test_Suite() {
var data = new google.visualization.DataTable();
data.addColumn('number', 'Number');
data.addColumn('string', 'Method');
data.addColumn('string', 'Class');
data.addColumn('number', 'Time (ms)');
data.addRows(14);
data.setCell(0, 0, 0)
data.setCell(0, 1, 'tdLinkTest1')
data.setCell(0, 2, 'com.selenium.testNG.practice.AmazonLinkVerificationCssSelectorTest')
data.setCell(0, 3, 5277);
data.setCell(1, 0, 1)
data.setCell(1, 1, 'Launch')
data.setCell(1, 2, 'com.practice3.assertions.assertions')
data.setCell(1, 3, 4440);
data.setCell(2, 0, 2)
data.setCell(2, 1, 'tdLinkTest2')
data.setCell(2, 2, 'com.selenium.testNG.practice.AmazonLinkVerificationCssSelectorTest')
data.setCell(2, 3, 3671);
data.setCell(3, 0, 3)
data.setCell(3, 1, 'Facebook')
data.setCell(3, 2, 'com.practice3.assertions.assertions')
data.setCell(3, 3, 2037);
data.setCell(4, 0, 4)
data.setCell(4, 1, 'testAmazonHomePageTitle')
data.setCell(4, 2, 'com.selenium.testNG.practice.amazonHomePage')
data.setCell(4, 3, 1181);
data.setCell(5, 0, 5)
data.setCell(5, 1, 'testAmazonHomePageTitle2')
data.setCell(5, 2, 'com.selenium.testNG.practice.amazonHomePage')
data.setCell(5, 3, 907);
data.setCell(6, 0, 6)
data.setCell(6, 1, 'testAmazonHomePageSourceUrl')
data.setCell(6, 2, 'com.selenium.testNG.practice.amazonHomePage')
data.setCell(6, 3, 558);
data.setCell(7, 0, 7)
data.setCell(7, 1, 'Login')
data.setCell(7, 2, 'com.practice3.assertions.assertions')
data.setCell(7, 3, 404);
data.setCell(8, 0, 8)
data.setCell(8, 1, 'xpathLinkTest2')
data.setCell(8, 2, 'com.selenium.testNG.practice.AmazonLinkVerificationXpathTest')
data.setCell(8, 3, 0);
data.setCell(9, 0, 9)
data.setCell(9, 1, 'testSearch1')
data.setCell(9, 2, 'com.selenium.testNG.practice.AmazonSearchTest')
data.setCell(9, 3, 0);
data.setCell(10, 0, 10)
data.setCell(10, 1, 'linkTest1')
data.setCell(10, 2, 'com.selenium.testNG.practice.AmazonLinkVerificationTest')
data.setCell(10, 3, 0);
data.setCell(11, 0, 11)
data.setCell(11, 1, 'xpathLinkTest1')
data.setCell(11, 2, 'com.selenium.testNG.practice.AmazonLinkVerificationXpathTest')
data.setCell(11, 3, 0);
data.setCell(12, 0, 12)
data.setCell(12, 1, 'testSearch2')
data.setCell(12, 2, 'com.selenium.testNG.practice.AmazonSearchTest')
data.setCell(12, 3, 0);
data.setCell(13, 0, 13)
data.setCell(13, 1, 'linkTest2')
data.setCell(13, 2, 'com.selenium.testNG.practice.AmazonLinkVerificationTest')
data.setCell(13, 3, 0);
window.suiteTableData['eCom_Webapp_Test_Suite']= { tableData: data, tableDiv: 'times-div-eCom_Webapp_Test_Suite'}
return data;
}
              </script>
              <span class="suite-total-time">Total running time: 18 seconds</span>
              <div id="times-div-eCom_Webapp_Test_Suite">
              </div> <!-- times-div-eCom_Webapp_Test_Suite -->
            </div> <!-- times-div -->
          </div> <!-- main-panel-content rounded-window-bottom -->
        </div> <!-- panel -->
        <div panel-name="reporter-eCom_Webapp_Test_Suite" class="panel">
          <div class="main-panel-header rounded-window-top">
            <span class="header-content">Reporter output for eCom Webapp Test Suite</span>
          </div> <!-- main-panel-header rounded-window-top -->
          <div class="main-panel-content rounded-window-bottom">
          </div> <!-- main-panel-content rounded-window-bottom -->
        </div> <!-- panel -->
        <div panel-name="ignored-methods-eCom_Webapp_Test_Suite" class="panel">
          <div class="main-panel-header rounded-window-top">
            <span class="header-content">0 ignored methods</span>
          </div> <!-- main-panel-header rounded-window-top -->
          <div class="main-panel-content rounded-window-bottom">
          </div> <!-- main-panel-content rounded-window-bottom -->
        </div> <!-- panel -->
        <div panel-name="chronological-eCom_Webapp_Test_Suite" class="panel">
          <div class="main-panel-header rounded-window-top">
            <span class="header-content">Methods in chronological order</span>
          </div> <!-- main-panel-header rounded-window-top -->
          <div class="main-panel-content rounded-window-bottom">
            <div class="chronological-class">
              <div class="chronological-class-name">com.selenium.testNG.practice.amazonHomePage</div> <!-- chronological-class-name -->
              <div class="configuration-method before">
                <span class="method-name">setUp</span>
                <span class="method-start">0 ms</span>
              </div> <!-- configuration-method before -->
              <div class="test-method">
                <span class="method-name">testAmazonHomePageSourceUrl</span>
                <span class="method-start">10696 ms</span>
              </div> <!-- test-method -->
              <div class="configuration-method after">
                <span class="method-name">cleanUp</span>
                <span class="method-start">11269 ms</span>
              </div> <!-- configuration-method after -->
              <div class="configuration-method before">
                <span class="method-name">setUp</span>
                <span class="method-start">12453 ms</span>
              </div> <!-- configuration-method before -->
              <div class="test-method">
                <span class="method-name">testAmazonHomePageTitle</span>
                <span class="method-start">17837 ms</span>
              </div> <!-- test-method -->
              <div class="configuration-method after">
                <span class="method-name">cleanUp</span>
                <span class="method-start">19028 ms</span>
              </div> <!-- configuration-method after -->
              <div class="configuration-method before">
                <span class="method-name">setUp</span>
                <span class="method-start">19882 ms</span>
              </div> <!-- configuration-method before -->
              <div class="test-method">
                <span class="method-name">testAmazonHomePageTitle2</span>
                <span class="method-start">25713 ms</span>
              </div> <!-- test-method -->
              <div class="configuration-method after">
                <span class="method-name">cleanUp</span>
                <span class="method-start">26649 ms</span>
              </div> <!-- configuration-method after -->
            </div> <!-- chronological-class -->
            <div class="chronological-class">
              <div class="chronological-class-name">com.selenium.testNG.practice.AmazonLinkVerificationCssSelectorTest</div> <!-- chronological-class-name -->
              <div class="configuration-method before">
                <span class="method-name">setUp</span>
                <span class="method-start">27613 ms</span>
              </div> <!-- configuration-method before -->
              <div class="test-method">
                <span class="method-name">tdLinkTest1</span>
                <span class="method-start">32985 ms</span>
              </div> <!-- test-method -->
              <div class="configuration-method after">
                <span class="method-name">cleanUp</span>
                <span class="method-start">38266 ms</span>
              </div> <!-- configuration-method after -->
              <div class="configuration-method before">
                <span class="method-name">setUp</span>
                <span class="method-start">39175 ms</span>
              </div> <!-- configuration-method before -->
              <div class="test-method">
                <span class="method-name">tdLinkTest2</span>
                <span class="method-start">45059 ms</span>
              </div> <!-- test-method -->
              <div class="configuration-method after">
                <span class="method-name">cleanUp</span>
                <span class="method-start">48732 ms</span>
              </div> <!-- configuration-method after -->
            </div> <!-- chronological-class -->
            <div class="chronological-class">
              <div class="chronological-class-name">com.selenium.testNG.practice.AmazonLinkVerificationTest</div> <!-- chronological-class-name -->
              <div class="configuration-method before">
                <img src="failed.png">
                </img>
                <span class="method-name">setUp</span>
                <span class="method-start">49552 ms</span>
              </div> <!-- configuration-method before -->
              <div class="test-method">
                <span class="method-name">linkTest1</span>
                <span class="method-start">51142 ms</span>
              </div> <!-- test-method -->
              <div class="configuration-method after">
                <span class="method-name">cleanUp</span>
                <span class="method-start">51163 ms</span>
              </div> <!-- configuration-method after -->
              <div class="configuration-method before">
                <span class="method-name">setUp</span>
                <span class="method-start">51169 ms</span>
              </div> <!-- configuration-method before -->
              <div class="test-method">
                <span class="method-name">linkTest2</span>
                <span class="method-start">51199 ms</span>
              </div> <!-- test-method -->
              <div class="configuration-method after">
                <span class="method-name">cleanUp</span>
                <span class="method-start">51223 ms</span>
              </div> <!-- configuration-method after -->
            </div> <!-- chronological-class -->
            <div class="chronological-class">
              <div class="chronological-class-name">com.selenium.testNG.practice.AmazonLinkVerificationXpathTest</div> <!-- chronological-class-name -->
              <div class="configuration-method before">
                <img src="failed.png">
                </img>
                <span class="method-name">setUp</span>
                <span class="method-start">51240 ms</span>
              </div> <!-- configuration-method before -->
              <div class="test-method">
                <span class="method-name">xpathLinkTest1</span>
                <span class="method-start">52009 ms</span>
              </div> <!-- test-method -->
              <div class="configuration-method after">
                <span class="method-name">cleanUp</span>
                <span class="method-start">52033 ms</span>
              </div> <!-- configuration-method after -->
              <div class="configuration-method before">
                <span class="method-name">setUp</span>
                <span class="method-start">52067 ms</span>
              </div> <!-- configuration-method before -->
              <div class="test-method">
                <span class="method-name">xpathLinkTest2</span>
                <span class="method-start">52078 ms</span>
              </div> <!-- test-method -->
              <div class="configuration-method after">
                <span class="method-name">cleanUp</span>
                <span class="method-start">52100 ms</span>
              </div> <!-- configuration-method after -->
            </div> <!-- chronological-class -->
            <div class="chronological-class">
              <div class="chronological-class-name">com.selenium.testNG.practice.AmazonSearchTest</div> <!-- chronological-class-name -->
              <div class="configuration-class before">
                <img src="failed.png">
                </img>
                <span class="method-name">beforeClass</span>
                <span class="method-start">52110 ms</span>
              </div> <!-- configuration-class before -->
              <div class="test-method">
                <span class="method-name">testSearch1</span>
                <span class="method-start">52914 ms</span>
              </div> <!-- test-method -->
              <div class="test-method">
                <span class="method-name">testSearch2</span>
                <span class="method-start">52948 ms</span>
              </div> <!-- test-method -->
              <div class="configuration-class after">
                <span class="method-name">afterClass</span>
                <span class="method-start">52959 ms</span>
              </div> <!-- configuration-class after -->
            </div> <!-- chronological-class -->
            <div class="chronological-class">
              <div class="chronological-class-name">com.practice3.assertions.assertions</div> <!-- chronological-class-name -->
              <div class="test-method">
                <span class="method-name">Launch</span>
                <span class="method-start">53181 ms</span>
              </div> <!-- test-method -->
              <div class="test-method">
                <span class="method-name">Facebook</span>
                <span class="method-start">57635 ms</span>
              </div> <!-- test-method -->
              <div class="test-method">
                <img src="failed.png">
                </img>
                <span class="method-name">Login</span>
                <span class="method-start">59674 ms</span>
              </div> <!-- test-method -->
          </div> <!-- main-panel-content rounded-window-bottom -->
        </div> <!-- panel -->
      </div> <!-- main-panel-root -->
    </div> <!-- wrapper -->
  </body>
<script type="text/javascript" src="testng-reports2.js"></script>
</html>
